<?xml version="1.0" encoding="UTF-8"?>
<testng-results skipped="0" failed="0" total="1" passed="1">
  <reporter-output>
  </reporter-output>
  <suite name="Suite" duration-ms="93273" started-at="2019-05-06T09:10:02Z" finished-at="2019-05-06T09:11:35Z">
    <groups>
    </groups>
    <test name="Test" duration-ms="93273" started-at="2019-05-06T09:10:02Z" finished-at="2019-05-06T09:11:35Z">
      <class name="scripts.TestValidLogin">
        <test-method status="PASS" signature="openApplication()[pri:0, instance:scripts.TestValidLogin@1593948d]" name="openApplication" is-config="true" duration-ms="66123" started-at="2019-05-06T14:40:02Z" finished-at="2019-05-06T14:41:08Z">
          <reporter-output>
          </reporter-output>
        </test-method> <!-- openApplication -->
        <test-method status="PASS" signature="testValidLogin()[pri:0, instance:scripts.TestValidLogin@1593948d]" name="testValidLogin" duration-ms="25416" started-at="2019-05-06T14:41:08Z" finished-at="2019-05-06T14:41:34Z">
          <reporter-output>
          </reporter-output>
        </test-method> <!-- testValidLogin -->
        <test-method status="PASS" signature="closeApplication(org.testng.ITestResult)[pri:0, instance:scripts.TestValidLogin@1593948d]" name="closeApplication" is-config="true" duration-ms="1696" started-at="2019-05-06T14:41:34Z" finished-at="2019-05-06T14:41:35Z">
          <params>
            <param index="0">
              <value>
                <![CDATA[[TestResult name=testValidLogin status=SUCCESS method=TestValidLogin.testValidLogin()[pri:0, instance:scripts.TestValidLogin@1593948d] output={null}]]]>
              </value>
            </param>
          </params>
          <reporter-output>
          </reporter-output>
        </test-method> <!-- closeApplication -->
      </class> <!-- scripts.TestValidLogin -->
    </test> <!-- Test -->
  </suite> <!-- Suite -->
</testng-results>
