<?xml version="1.0" encoding="UTF-8"?>
<testng-results skipped="0" failed="0" ignored="0" total="1" passed="1">
  <reporter-output>
  </reporter-output>
  <suite name="Suite" duration-ms="28348" started-at="2019-07-08T05:15:02Z" finished-at="2019-07-08T05:15:30Z">
    <groups>
    </groups>
    <test name="Test" duration-ms="28348" started-at="2019-07-08T05:15:02Z" finished-at="2019-07-08T05:15:30Z">
      <class name="scripts.TestValidLogin">
        <test-method status="PASS" signature="openApplication()[pri:0, instance:scripts.TestValidLogin@3dd3bcd]" name="openApplication" is-config="true" duration-ms="16814" started-at="2019-07-08T10:45:02Z" finished-at="2019-07-08T10:45:18Z">
          <reporter-output>
          </reporter-output>
        </test-method> <!-- openApplication -->
        <test-method status="PASS" signature="testValidLogin()[pri:0, instance:scripts.TestValidLogin@3dd3bcd]" name="testValidLogin" duration-ms="11082" started-at="2019-07-08T10:45:18Z" finished-at="2019-07-08T10:45:30Z">
          <reporter-output>
          </reporter-output>
        </test-method> <!-- testValidLogin -->
        <test-method status="PASS" signature="closeApplication(org.testng.ITestResult)[pri:0, instance:scripts.TestValidLogin@3dd3bcd]" name="closeApplication" is-config="true" duration-ms="420" started-at="2019-07-08T10:45:30Z" finished-at="2019-07-08T10:45:30Z">
          <params>
            <param index="0">
              <value>
                <![CDATA[[TestResult name=testValidLogin status=SUCCESS method=TestValidLogin.testValidLogin()[pri:0, instance:scripts.TestValidLogin@3dd3bcd] output={null}]]]>
              </value>
            </param>
          </params>
          <reporter-output>
          </reporter-output>
        </test-method> <!-- closeApplication -->
      </class> <!-- scripts.TestValidLogin -->
    </test> <!-- Test -->
  </suite> <!-- Suite -->
</testng-results>
